生成启动时间为 2017/2/25 21:16:35。
     1>项目“C:\Users\hp\Desktop\毕业设计\主要工作\TemporalClique\TemporalClique\TemporalClique.vcxproj”在节点 2 上(Build 个目标)。
     1>ClCompile:
         C:\Program Files (x86)\Microsoft Visual Studio 12.0\VC\bin\x86_amd64\CL.exe /c /Zi /nologo /W3 /WX- /O2 /Oi /GL /D WIN32 /D NDEBUG /D _CONSOLE /D _UNICODE /D UNICODE /Gm- /EHsc /MD /GS /Gy /fp:precise /Zc:wchar_t /Zc:forScope /Fo"x64\Release\\" /Fd"x64\Release\vc120.pdb" /Gd /TP /errorReport:prompt neighborhood.cpp
         neighborhood.cpp
     1>neighborhood.cpp(145): warning C4267: “=”: 从“size_t”转换到“int”，可能丢失数据
       Link:
         C:\Program Files (x86)\Microsoft Visual Studio 12.0\VC\bin\x86_amd64\link.exe /ERRORREPORT:PROMPT /OUT:"C:\Users\hp\Desktop\毕业设计\主要工作\TemporalClique\x64\Release\TemporalClique.exe" /INCREMENTAL:NO /NOLOGO kernel32.lib user32.lib gdi32.lib winspool.lib comdlg32.lib advapi32.lib shell32.lib ole32.lib oleaut32.lib uuid.lib odbc32.lib odbccp32.lib /MANIFEST /MANIFESTUAC:"level='asInvoker' uiAccess='false'" /manifest:embed /DEBUG /PDB:"C:\Users\hp\Desktop\毕业设计\主要工作\TemporalClique\x64\Release\TemporalClique.pdb" /SUBSYSTEM:CONSOLE /OPT:REF /OPT:ICF /LTCG /TLBID:1 /DYNAMICBASE /NXCOMPAT /IMPLIB:"C:\Users\hp\Desktop\毕业设计\主要工作\TemporalClique\x64\Release\TemporalClique.lib" /MACHINE:X64 x64\Release\Func.obj
         x64\Release\Graph.obj
         x64\Release\Clique.obj
         x64\Release\CliqueMater.obj
         x64\Release\Interval.obj
         x64\Release\main.obj
         x64\Release\neighborhood.obj
         x64\Release\pivoting.obj
         正在生成代码
         已完成代码的生成
         TemporalClique.vcxproj -> C:\Users\hp\Desktop\毕业设计\主要工作\TemporalClique\x64\Release\TemporalClique.exe
     1>已完成生成项目“C:\Users\hp\Desktop\毕业设计\主要工作\TemporalClique\TemporalClique\TemporalClique.vcxproj”(Build 个目标)的操作。

生成成功。

已用时间 00:00:02.62
